\BOOKMARK [0][-]{chapter.1}{\376\377\000I\000n\000t\000r\000o\000d\000u\000c\000t\000i\000o\000n}{}% 1
\BOOKMARK [1][-]{section.1.1}{\376\377\000C\000o\000n\000t\000e\000x\000t}{chapter.1}% 2
\BOOKMARK [0][-]{chapter.2}{\376\377\000R\000e\000l\000a\000t\000e\000d\000\040\000W\000o\000r\000k}{}% 3
\BOOKMARK [1][-]{section.2.2}{\376\377\000B\000a\000c\000k\000g\000r\000o\000u\000n\000d}{chapter.2}% 4
\BOOKMARK [1][-]{section.2.3}{\376\377\000I\000n\000d\000i\000c\000o}{chapter.2}% 5
\BOOKMARK [1][-]{section.2.4}{\376\377\000S\000o\000l\000i\000d}{chapter.2}% 6
\BOOKMARK [0][-]{chapter.3}{\376\377\000I\000n\000v\000e\000s\000t\000i\000g\000a\000t\000i\000o\000n}{}% 7
\BOOKMARK [1][-]{section.3.5}{\376\377\000P\000r\000o\000o\000f\000\040\000o\000f\000\040\000C\000o\000n\000c\000e\000p\000t\000s}{chapter.3}% 8
\BOOKMARK [2][-]{subsection.3.5.1}{\376\377\000P\000O\000C\000\040\0001\000:\000\040\000C\000o\000m\000m\000e\000n\000t\000i\000n\000g\000\040\000M\000o\000d\000u\000l\000e\000\040\000f\000o\000r\000\040\000E\000v\000e\000n\000t\000s\000\040\000i\000n\000\040\000I\000n\000d\000i\000c\000o}{section.3.5}% 9
\BOOKMARK [3][-]{figure.caption.2}{\376\377\000D\000e\000s\000i\000g\000n}{subsection.3.5.1}% 10
\BOOKMARK [3][-]{lstnumber.3.4.9}{\376\377\000I\000n\000t\000e\000g\000r\000a\000t\000i\000o\000n\000\040\000w\000i\000t\000h\000\040\000I\000n\000d\000i\000c\000o}{subsection.3.5.1}% 11
\BOOKMARK [3][-]{lstnumber.3.4.9}{\376\377\000E\000v\000a\000l\000u\000a\000t\000i\000o\000n}{subsection.3.5.1}% 12
\BOOKMARK [3][-]{lstnumber.3.4.9}{\376\377\000A\000n\000a\000l\000y\000s\000i\000s}{subsection.3.5.1}% 13
\BOOKMARK [2][-]{subsection.3.5.2}{\376\377\000P\000O\000C\000\040\0002\000:\000\040\000A\000u\000t\000o\000-\000C\000o\000m\000p\000l\000e\000t\000e\000\040\000f\000o\000r\000\040\000C\000o\000n\000f\000e\000r\000e\000n\000c\000e\000\040\000R\000e\000g\000i\000s\000t\000r\000a\000t\000i\000o\000n\000\040\000i\000n\000\040\000I\000n\000d\000i\000c\000o}{section.3.5}% 14
\BOOKMARK [3][-]{section*.11}{\376\377\000D\000e\000s\000i\000g\000n}{subsection.3.5.2}% 15
\BOOKMARK [3][-]{section*.11}{\376\377\000I\000n\000t\000e\000g\000r\000a\000t\000i\000o\000n\000\040\000w\000i\000t\000h\000\040\000I\000n\000d\000i\000c\000o}{subsection.3.5.2}% 16
\BOOKMARK [3][-]{section*.11}{\376\377\000E\000v\000a\000l\000u\000a\000t\000i\000o\000n}{subsection.3.5.2}% 17
\BOOKMARK [3][-]{section*.11}{\376\377\000A\000n\000a\000l\000y\000s\000i\000s}{subsection.3.5.2}% 18
\BOOKMARK [2][-]{subsection.3.5.3}{\376\377\000D\000e\000p\000l\000o\000y\000m\000e\000n\000t\000\040\000o\000f\000\040\000I\000n\000d\000i\000c\000o\000\040\000I\000n\000s\000t\000a\000n\000c\000e}{section.3.5}% 19
\BOOKMARK [1][-]{section.3.6}{\376\377\000C\000o\000m\000p\000a\000r\000i\000s\000o\000n\000\040\000o\000f\000\040\000S\000o\000l\000i\000d\000\040\000a\000n\000d\000\040\000I\000n\000d\000i\000c\000o\000\040\000D\000e\000s\000i\000g\000n\000\040\000P\000r\000i\000n\000c\000i\000p\000l\000e\000s}{chapter.3}% 20
\BOOKMARK [1][-]{section.3.7}{\376\377\000C\000h\000a\000l\000l\000e\000n\000g\000e\000s\000,\000\040\000A\000d\000v\000a\000n\000t\000a\000g\000e\000s\000,\000\040\000a\000n\000d\000\040\000G\000a\000p\000s\000\040\000o\000f\000\040\000E\000x\000i\000s\000t\000i\000n\000g\000\040\000S\000o\000l\000i\000d\000\040\000S\000o\000l\000u\000t\000i\000o\000n\000s\000\040\000v\000e\000r\000s\000u\000s\000\040\000C\000E\000R\000N\000\040\000O\000n\000e\000s}{chapter.3}% 21
\BOOKMARK [1][-]{section.3.8}{\376\377\000P\000r\000o\000c\000e\000e\000d\000i\000n\000g\000s\000\040\000i\000n\000\040\000t\000h\000e\000\040\000C\000E\000R\000N\000-\000S\000o\000l\000i\000d\000\040\000C\000o\000l\000l\000a\000b\000o\000r\000a\000t\000i\000o\000n}{chapter.3}% 22
\BOOKMARK [2][-]{subsection.3.8.1}{\376\377\000S\000e\000r\000v\000e\000r\000s}{section.3.8}% 23
\BOOKMARK [3][-]{section*.12}{\376\377\000S\000o\000l\000u\000t\000i\000o\000n}{subsection.3.8.1}% 24
\BOOKMARK [3][-]{section*.12}{\376\377\000H\000o\000s\000t\000i\000n\000g}{subsection.3.8.1}% 25
\BOOKMARK [2][-]{subsection.3.8.2}{\376\377\000A\000p\000p\000l\000i\000c\000a\000t\000i\000o\000n\000s}{section.3.8}% 26
\BOOKMARK [0][-]{chapter.4}{\376\377\000C\000o\000n\000c\000l\000u\000s\000i\000o\000n}{}% 27
